-------------------------------------------------------------------------------
Test set: com.chuwa.cassandra_blog.CassandraBlogApplicationTests
-------------------------------------------------------------------------------
Tests run: 1, Failures: 0, Errors: 1, Skipped: 0, Time elapsed: 4.926 s <<< FAILURE! - in com.chuwa.cassandra_blog.CassandraBlogApplicationTests
contextLoads  Time elapsed: 0.008 s  <<< ERROR!
java.lang.IllegalStateException: Failed to load ApplicationContext
Caused by: org.springframework.beans.factory.UnsatisfiedDependencyException: Error creating bean with name 'postController': Unsatisfied dependency expressed through field 'postService'; nested exception is org.springframework.beans.factory.UnsatisfiedDependencyException: Error creating bean with name 'postServiceImpl' defined in file [C:\Users\derri\cassandra_blog\target\classes\com\chuwa\cassandra_blog\service\impl\PostServiceImpl.class]: Unsatisfied dependency expressed through constructor parameter 0; nested exception is org.springframework.beans.factory.BeanCreationException: Error creating bean with name 'repository' defined in com.chuwa.cassandra_blog.dao.Repository defined in @EnableCassandraRepositories declared on CassandraRepositoriesRegistrar.EnableCassandraRepositoriesConfiguration: Cannot resolve reference to bean 'cassandraTemplate' while setting bean property 'cassandraTemplate'; nested exception is org.springframework.beans.factory.UnsatisfiedDependencyException: Error creating bean with name 'org.springframework.boot.autoconfigure.data.cassandra.CassandraDataAutoConfiguration': Unsatisfied dependency expressed through constructor parameter 0; nested exception is org.springframework.beans.factory.BeanCreationException: Error creating bean with name 'cassandraSession' defined in class path resource [org/springframework/boot/autoconfigure/cassandra/CassandraAutoConfiguration.class]: Bean instantiation via factory method failed; nested exception is org.springframework.beans.BeanInstantiationException: Failed to instantiate [com.datastax.oss.driver.api.core.CqlSession]: Factory method 'cassandraSession' threw exception; nested exception is java.lang.IllegalStateException: Since you provided explicit contact points, the local DC must be explicitly set (see basic.load-balancing-policy.local-datacenter in the config, or set it programmatically with SessionBuilder.withLocalDatacenter). Current contact points are: Node(endPoint=/127.0.0.1:9042, hostId=09104971-a3cf-45b8-bf91-83cf058b5dfc, hashCode=13d126ed)=datacenter1. Current DCs in this cluster are: datacenter1
Caused by: org.springframework.beans.factory.UnsatisfiedDependencyException: Error creating bean with name 'postServiceImpl' defined in file [C:\Users\derri\cassandra_blog\target\classes\com\chuwa\cassandra_blog\service\impl\PostServiceImpl.class]: Unsatisfied dependency expressed through constructor parameter 0; nested exception is org.springframework.beans.factory.BeanCreationException: Error creating bean with name 'repository' defined in com.chuwa.cassandra_blog.dao.Repository defined in @EnableCassandraRepositories declared on CassandraRepositoriesRegistrar.EnableCassandraRepositoriesConfiguration: Cannot resolve reference to bean 'cassandraTemplate' while setting bean property 'cassandraTemplate'; nested exception is org.springframework.beans.factory.UnsatisfiedDependencyException: Error creating bean with name 'org.springframework.boot.autoconfigure.data.cassandra.CassandraDataAutoConfiguration': Unsatisfied dependency expressed through constructor parameter 0; nested exception is org.springframework.beans.factory.BeanCreationException: Error creating bean with name 'cassandraSession' defined in class path resource [org/springframework/boot/autoconfigure/cassandra/CassandraAutoConfiguration.class]: Bean instantiation via factory method failed; nested exception is org.springframework.beans.BeanInstantiationException: Failed to instantiate [com.datastax.oss.driver.api.core.CqlSession]: Factory method 'cassandraSession' threw exception; nested exception is java.lang.IllegalStateException: Since you provided explicit contact points, the local DC must be explicitly set (see basic.load-balancing-policy.local-datacenter in the config, or set it programmatically with SessionBuilder.withLocalDatacenter). Current contact points are: Node(endPoint=/127.0.0.1:9042, hostId=09104971-a3cf-45b8-bf91-83cf058b5dfc, hashCode=13d126ed)=datacenter1. Current DCs in this cluster are: datacenter1
Caused by: org.springframework.beans.factory.BeanCreationException: Error creating bean with name 'repository' defined in com.chuwa.cassandra_blog.dao.Repository defined in @EnableCassandraRepositories declared on CassandraRepositoriesRegistrar.EnableCassandraRepositoriesConfiguration: Cannot resolve reference to bean 'cassandraTemplate' while setting bean property 'cassandraTemplate'; nested exception is org.springframework.beans.factory.UnsatisfiedDependencyException: Error creating bean with name 'org.springframework.boot.autoconfigure.data.cassandra.CassandraDataAutoConfiguration': Unsatisfied dependency expressed through constructor parameter 0; nested exception is org.springframework.beans.factory.BeanCreationException: Error creating bean with name 'cassandraSession' defined in class path resource [org/springframework/boot/autoconfigure/cassandra/CassandraAutoConfiguration.class]: Bean instantiation via factory method failed; nested exception is org.springframework.beans.BeanInstantiationException: Failed to instantiate [com.datastax.oss.driver.api.core.CqlSession]: Factory method 'cassandraSession' threw exception; nested exception is java.lang.IllegalStateException: Since you provided explicit contact points, the local DC must be explicitly set (see basic.load-balancing-policy.local-datacenter in the config, or set it programmatically with SessionBuilder.withLocalDatacenter). Current contact points are: Node(endPoint=/127.0.0.1:9042, hostId=09104971-a3cf-45b8-bf91-83cf058b5dfc, hashCode=13d126ed)=datacenter1. Current DCs in this cluster are: datacenter1
Caused by: org.springframework.beans.factory.UnsatisfiedDependencyException: Error creating bean with name 'org.springframework.boot.autoconfigure.data.cassandra.CassandraDataAutoConfiguration': Unsatisfied dependency expressed through constructor parameter 0; nested exception is org.springframework.beans.factory.BeanCreationException: Error creating bean with name 'cassandraSession' defined in class path resource [org/springframework/boot/autoconfigure/cassandra/CassandraAutoConfiguration.class]: Bean instantiation via factory method failed; nested exception is org.springframework.beans.BeanInstantiationException: Failed to instantiate [com.datastax.oss.driver.api.core.CqlSession]: Factory method 'cassandraSession' threw exception; nested exception is java.lang.IllegalStateException: Since you provided explicit contact points, the local DC must be explicitly set (see basic.load-balancing-policy.local-datacenter in the config, or set it programmatically with SessionBuilder.withLocalDatacenter). Current contact points are: Node(endPoint=/127.0.0.1:9042, hostId=09104971-a3cf-45b8-bf91-83cf058b5dfc, hashCode=13d126ed)=datacenter1. Current DCs in this cluster are: datacenter1
Caused by: org.springframework.beans.factory.BeanCreationException: Error creating bean with name 'cassandraSession' defined in class path resource [org/springframework/boot/autoconfigure/cassandra/CassandraAutoConfiguration.class]: Bean instantiation via factory method failed; nested exception is org.springframework.beans.BeanInstantiationException: Failed to instantiate [com.datastax.oss.driver.api.core.CqlSession]: Factory method 'cassandraSession' threw exception; nested exception is java.lang.IllegalStateException: Since you provided explicit contact points, the local DC must be explicitly set (see basic.load-balancing-policy.local-datacenter in the config, or set it programmatically with SessionBuilder.withLocalDatacenter). Current contact points are: Node(endPoint=/127.0.0.1:9042, hostId=09104971-a3cf-45b8-bf91-83cf058b5dfc, hashCode=13d126ed)=datacenter1. Current DCs in this cluster are: datacenter1
Caused by: org.springframework.beans.BeanInstantiationException: Failed to instantiate [com.datastax.oss.driver.api.core.CqlSession]: Factory method 'cassandraSession' threw exception; nested exception is java.lang.IllegalStateException: Since you provided explicit contact points, the local DC must be explicitly set (see basic.load-balancing-policy.local-datacenter in the config, or set it programmatically with SessionBuilder.withLocalDatacenter). Current contact points are: Node(endPoint=/127.0.0.1:9042, hostId=09104971-a3cf-45b8-bf91-83cf058b5dfc, hashCode=13d126ed)=datacenter1. Current DCs in this cluster are: datacenter1
Caused by: java.lang.IllegalStateException: Since you provided explicit contact points, the local DC must be explicitly set (see basic.load-balancing-policy.local-datacenter in the config, or set it programmatically with SessionBuilder.withLocalDatacenter). Current contact points are: Node(endPoint=/127.0.0.1:9042, hostId=09104971-a3cf-45b8-bf91-83cf058b5dfc, hashCode=13d126ed)=datacenter1. Current DCs in this cluster are: datacenter1

